<?xml version="1.0" encoding="UTF-8"?>
<!-- Generated by org.testng.reporters.JUnitXMLReporter -->
<testsuite ignored="0" hostname="MACPK-WKS-0132" failures="0" tests="9" name="Default test" time="73.547" errors="0" timestamp="2020-10-23T22:26:16 PKT">
  <testcase classname="Products.ProductAPI" name="PostProduct" time="26.621"/>
  <testcase classname="Products.ProductAPI" name="GetPostedProduct" time="4.68"/>
  <testcase classname="Products.ProductAPI" name="DeleteProduct" time="3.66"/>
  <testcase classname="Products.ProductAPI" name="PostProductwithGreaterThanRequiredNameLength" time="6.059"/>
  <testcase classname="Products.ProductAPI" name="PostProductwithSpecialCharacterInNme" time="1.648"/>
  <testcase classname="Products.ProductAPI" name="GetAllProducts" time="19.794"/>
  <testcase classname="Products.ProductAPI" name="GetProductByXID" time="2.159"/>
  <testcase classname="Products.ProductAPI" name="DeleteExistingProduct" time="1.877"/>
  <testcase classname="Products.ProductAPI" name="GetDeletedProduct" time="1.635"/>
</testsuite> <!-- Default test -->
