<?xml version="1.0" encoding="UTF-8"?>
<!-- Generated by org.testng.reporters.JUnitXMLReporter -->
<testsuite ignored="0" hostname="MACPK-WKS-0132" failures="0" tests="9" name="Test" time="72.147" errors="0" timestamp="2020-10-20T15:42:48 PKT">
  <testcase classname="Products.ProductAPI" name="PostProduct" time="24.63"/>
  <testcase classname="Products.ProductAPI" name="GetPostedProduct" time="6.284"/>
  <testcase classname="Products.ProductAPI" name="DeleteProduct" time="1.557"/>
  <testcase classname="Products.ProductAPI" name="PostProductwithGreaterThanRequiredNameLength" time="5.395"/>
  <testcase classname="Products.ProductAPI" name="PostProductwithSpecialCharacterInNme" time="1.513"/>
  <testcase classname="Products.ProductAPI" name="GetAllProducts" time="20.333"/>
  <testcase classname="Products.ProductAPI" name="GetProductByXID" time="1.884"/>
  <testcase classname="Products.ProductAPI" name="DeleteExistingProduct" time="1.729"/>
  <testcase classname="Products.ProductAPI" name="GetDeletedProduct" time="1.402"/>
</testsuite> <!-- Test -->
